2025-10-13 10:38:22,817 INFO o.a.j.u.JMeterUtils: Setting Locale to en_EN
2025-10-13 10:38:22,831 INFO o.a.j.JMeter: Loading user properties from: /opt/homebrew/Cellar/jmeter/5.6.3/libexec/bin/user.properties
2025-10-13 10:38:22,831 INFO o.a.j.JMeter: Loading system properties from: /opt/homebrew/Cellar/jmeter/5.6.3/libexec/bin/system.properties
2025-10-13 10:38:22,835 INFO o.a.j.JMeter: Copyright (c) 1998-2024 The Apache Software Foundation
2025-10-13 10:38:22,835 INFO o.a.j.JMeter: Version 5.6.3
2025-10-13 10:38:22,835 INFO o.a.j.JMeter: java.version=21.0.8
2025-10-13 10:38:22,835 INFO o.a.j.JMeter: java.vm.name=OpenJDK 64-Bit Server VM
2025-10-13 10:38:22,835 INFO o.a.j.JMeter: os.name=Mac OS X
2025-10-13 10:38:22,835 INFO o.a.j.JMeter: os.arch=aarch64
2025-10-13 10:38:22,835 INFO o.a.j.JMeter: os.version=26.0.1
2025-10-13 10:38:22,835 INFO o.a.j.JMeter: file.encoding=UTF-8
2025-10-13 10:38:22,835 INFO o.a.j.JMeter: java.awt.headless=null
2025-10-13 10:38:22,835 INFO o.a.j.JMeter: Max memory     =1073741824
2025-10-13 10:38:22,835 INFO o.a.j.JMeter: Available Processors =8
2025-10-13 10:38:22,842 INFO o.a.j.JMeter: Default Locale=English (EN)
2025-10-13 10:38:22,842 INFO o.a.j.JMeter: JMeter  Locale=English (EN)
2025-10-13 10:38:22,842 INFO o.a.j.JMeter: JMeterHome=/opt/homebrew/Cellar/jmeter/5.6.3/libexec
2025-10-13 10:38:22,842 INFO o.a.j.JMeter: user.dir  =/Users/rohithparimella/DemoProjects/RmqPC/Consumer
2025-10-13 10:38:22,842 INFO o.a.j.JMeter: PWD       =/Users/rohithparimella/DemoProjects/RmqPC/Consumer
2025-10-13 10:38:22,859 INFO o.a.j.JMeter: IP: 192.168.0.113 Name: MacBookPro FullName: macbookpro
2025-10-13 10:38:22,866 INFO o.a.j.JMeter: Loaded icon properties from org/apache/jmeter/images/icon.properties
2025-10-13 10:38:23,469 INFO o.a.j.JMeterGuiLauncher: Setting LAF to: com.github.weisj.darklaf.DarkLaf:com.github.weisj.darklaf.theme.DarculaTheme
2025-10-13 10:38:24,818 INFO o.a.j.r.ClassFinder: Will scan jar /opt/homebrew/Cellar/jmeter/5.6.3/libexec/lib/ext/jmeter-plugins-manager-1.9.jar with filter ExtendsClassFilter [parents=[interface org.apache.jmeter.gui.action.Command], inner=false, contains=null, notContains=null]. Consider exposing JMeter plugins via META-INF/services, and add JMeter-Skip-Class-Scanning=true manifest attribute so JMeter can skip classfile scanning
2025-10-13 10:38:24,856 INFO o.a.j.r.ClassFinder: Will scan jar /opt/homebrew/Cellar/jmeter/5.6.3/libexec/lib/ext/jmeter-amqp-plugin-0.3.0.jar with filter ExtendsClassFilter [parents=[interface org.apache.jmeter.gui.action.Command], inner=false, contains=null, notContains=null]. Consider exposing JMeter plugins via META-INF/services, and add JMeter-Skip-Class-Scanning=true manifest attribute so JMeter can skip classfile scanning
2025-10-13 10:38:24,916 INFO o.a.j.r.ClassFinder: Will scan jar /opt/homebrew/Cellar/jmeter/5.6.3/libexec/lib/ext/jmeter-plugins-manager-1.9.jar with filter ExtendsClassFilter [parents=[interface org.apache.jmeter.gui.plugin.MenuCreator], inner=false, contains=null, notContains=null]. Consider exposing JMeter plugins via META-INF/services, and add JMeter-Skip-Class-Scanning=true manifest attribute so JMeter can skip classfile scanning
2025-10-13 10:38:24,919 INFO o.a.j.r.ClassFinder: Will scan jar /opt/homebrew/Cellar/jmeter/5.6.3/libexec/lib/ext/jmeter-amqp-plugin-0.3.0.jar with filter ExtendsClassFilter [parents=[interface org.apache.jmeter.gui.plugin.MenuCreator], inner=false, contains=null, notContains=null]. Consider exposing JMeter plugins via META-INF/services, and add JMeter-Skip-Class-Scanning=true manifest attribute so JMeter can skip classfile scanning
2025-10-13 10:38:24,984 INFO o.j.r.JARSourceHTTP: Requesting https://jmeter-plugins.org/repo/?installID=mac_os_x-d8639ce286bb2f02ef93ebbdf5fd0a5c-gui
2025-10-13 10:38:27,333 INFO o.j.r.PluginManager: Plugins Status: [jpgc-plugins-manager=1.9, jmeter-core=5.6.3, jmeter-ftp=5.6.3, jmeter-http=5.6.3, jmeter-jdbc=5.6.3, jmeter-jms=5.6.3, jmeter-junit=5.6.3, jmeter-java=5.6.3, jmeter-ldap=5.6.3, jmeter-mail=5.6.3, jmeter-mongodb=5.6.3, jmeter-native=5.6.3, jmeter-tcp=5.6.3, jmeter-components=5.6.3]
2025-10-13 10:38:27,334 INFO o.j.r.PluginManagerMenuItem: Plugins Manager has upgrades: [jpgc-plugins-manager]
2025-10-13 10:38:51,886 INFO o.a.j.s.FileServer: Default base='/Users/rohithparimella/DemoProjects/RmqPC/Consumer'
2025-10-13 10:38:51,889 INFO o.a.j.g.a.Load: Loading file: /Users/rohithparimella/View Results Tree2.jmx
2025-10-13 10:38:51,889 INFO o.a.j.s.FileServer: Set new base='/Users/rohithparimella'
2025-10-13 10:38:52,002 INFO o.a.j.s.SaveService: Testplan (JMX) version: 2.2. Testlog (JTL) version: 2.2
2025-10-13 10:38:52,006 INFO o.a.j.s.SaveService: Using SaveService properties version 5.0
2025-10-13 10:38:52,007 INFO o.a.j.s.SaveService: Using SaveService properties file encoding UTF-8
2025-10-13 10:38:52,008 INFO o.a.j.s.SaveService: Loading file: /Users/rohithparimella/View Results Tree2.jmx
2025-10-13 10:38:52,056 INFO o.a.j.p.h.s.HTTPSamplerBase: Parser for text/html is org.apache.jmeter.protocol.http.parser.LagartoBasedHtmlParser
2025-10-13 10:38:52,056 INFO o.a.j.p.h.s.HTTPSamplerBase: Parser for application/xhtml+xml is org.apache.jmeter.protocol.http.parser.LagartoBasedHtmlParser
2025-10-13 10:38:52,056 INFO o.a.j.p.h.s.HTTPSamplerBase: Parser for application/xml is org.apache.jmeter.protocol.http.parser.LagartoBasedHtmlParser
2025-10-13 10:38:52,056 INFO o.a.j.p.h.s.HTTPSamplerBase: Parser for text/xml is org.apache.jmeter.protocol.http.parser.LagartoBasedHtmlParser
2025-10-13 10:38:52,056 INFO o.a.j.p.h.s.HTTPSamplerBase: Parser for text/vnd.wap.wml is org.apache.jmeter.protocol.http.parser.RegexpHTMLParser
2025-10-13 10:38:52,056 INFO o.a.j.p.h.s.HTTPSamplerBase: Parser for text/css is org.apache.jmeter.protocol.http.parser.CssParser
2025-10-13 10:38:52,157 INFO o.a.j.s.SampleResult: Note: Sample TimeStamps are START times
2025-10-13 10:38:52,157 INFO o.a.j.s.SampleResult: sampleresult.default.encoding is set to UTF-8
2025-10-13 10:38:52,157 INFO o.a.j.s.SampleResult: sampleresult.useNanoTime=true
2025-10-13 10:38:52,157 INFO o.a.j.s.SampleResult: sampleresult.nanoThreadSleep=5000
2025-10-13 10:38:52,211 INFO o.a.j.r.ClassFinder: Will scan jar /opt/homebrew/Cellar/jmeter/5.6.3/libexec/lib/ext/jmeter-plugins-manager-1.9.jar with filter ExtendsClassFilter [parents=[interface org.apache.jmeter.visualizers.ResultRenderer], inner=false, contains=null, notContains=null]. Consider exposing JMeter plugins via META-INF/services, and add JMeter-Skip-Class-Scanning=true manifest attribute so JMeter can skip classfile scanning
2025-10-13 10:38:52,214 INFO o.a.j.r.ClassFinder: Will scan jar /opt/homebrew/Cellar/jmeter/5.6.3/libexec/lib/ext/jmeter-amqp-plugin-0.3.0.jar with filter ExtendsClassFilter [parents=[interface org.apache.jmeter.visualizers.ResultRenderer], inner=false, contains=null, notContains=null]. Consider exposing JMeter plugins via META-INF/services, and add JMeter-Skip-Class-Scanning=true manifest attribute so JMeter can skip classfile scanning
2025-10-13 10:38:52,222 INFO o.a.j.r.ClassFinder: Will scan jar /opt/homebrew/Cellar/jmeter/5.6.3/libexec/lib/ext/jmeter-plugins-manager-1.9.jar with filter ExtendsClassFilter [parents=[interface org.apache.jmeter.visualizers.RequestView], inner=false, contains=null, notContains=null]. Consider exposing JMeter plugins via META-INF/services, and add JMeter-Skip-Class-Scanning=true manifest attribute so JMeter can skip classfile scanning
2025-10-13 10:38:52,223 INFO o.a.j.r.ClassFinder: Will scan jar /opt/homebrew/Cellar/jmeter/5.6.3/libexec/lib/ext/jmeter-amqp-plugin-0.3.0.jar with filter ExtendsClassFilter [parents=[interface org.apache.jmeter.visualizers.RequestView], inner=false, contains=null, notContains=null]. Consider exposing JMeter plugins via META-INF/services, and add JMeter-Skip-Class-Scanning=true manifest attribute so JMeter can skip classfile scanning
2025-10-13 10:38:52,270 INFO o.a.j.r.ClassFinder: Will scan jar /opt/homebrew/Cellar/jmeter/5.6.3/libexec/lib/ext/jmeter-plugins-manager-1.9.jar with filter ExtendsClassFilter [parents=[interface org.apache.jmeter.visualizers.ResultRenderer], inner=false, contains=null, notContains=null]. Consider exposing JMeter plugins via META-INF/services, and add JMeter-Skip-Class-Scanning=true manifest attribute so JMeter can skip classfile scanning
2025-10-13 10:38:52,271 INFO o.a.j.r.ClassFinder: Will scan jar /opt/homebrew/Cellar/jmeter/5.6.3/libexec/lib/ext/jmeter-amqp-plugin-0.3.0.jar with filter ExtendsClassFilter [parents=[interface org.apache.jmeter.visualizers.ResultRenderer], inner=false, contains=null, notContains=null]. Consider exposing JMeter plugins via META-INF/services, and add JMeter-Skip-Class-Scanning=true manifest attribute so JMeter can skip classfile scanning
2025-10-13 10:38:52,277 INFO o.a.j.r.ClassFinder: Will scan jar /opt/homebrew/Cellar/jmeter/5.6.3/libexec/lib/ext/jmeter-plugins-manager-1.9.jar with filter ExtendsClassFilter [parents=[interface org.apache.jmeter.visualizers.RequestView], inner=false, contains=null, notContains=null]. Consider exposing JMeter plugins via META-INF/services, and add JMeter-Skip-Class-Scanning=true manifest attribute so JMeter can skip classfile scanning
2025-10-13 10:38:52,279 INFO o.a.j.r.ClassFinder: Will scan jar /opt/homebrew/Cellar/jmeter/5.6.3/libexec/lib/ext/jmeter-amqp-plugin-0.3.0.jar with filter ExtendsClassFilter [parents=[interface org.apache.jmeter.visualizers.RequestView], inner=false, contains=null, notContains=null]. Consider exposing JMeter plugins via META-INF/services, and add JMeter-Skip-Class-Scanning=true manifest attribute so JMeter can skip classfile scanning
2025-10-13 10:38:52,300 INFO o.a.j.r.ClassFinder: Will scan jar /opt/homebrew/Cellar/jmeter/5.6.3/libexec/lib/ext/jmeter-plugins-manager-1.9.jar with filter ExtendsClassFilter [parents=[interface org.apache.jmeter.visualizers.ResultRenderer], inner=false, contains=null, notContains=null]. Consider exposing JMeter plugins via META-INF/services, and add JMeter-Skip-Class-Scanning=true manifest attribute so JMeter can skip classfile scanning
2025-10-13 10:38:52,302 INFO o.a.j.r.ClassFinder: Will scan jar /opt/homebrew/Cellar/jmeter/5.6.3/libexec/lib/ext/jmeter-amqp-plugin-0.3.0.jar with filter ExtendsClassFilter [parents=[interface org.apache.jmeter.visualizers.ResultRenderer], inner=false, contains=null, notContains=null]. Consider exposing JMeter plugins via META-INF/services, and add JMeter-Skip-Class-Scanning=true manifest attribute so JMeter can skip classfile scanning
2025-10-13 10:38:52,307 INFO o.a.j.r.ClassFinder: Will scan jar /opt/homebrew/Cellar/jmeter/5.6.3/libexec/lib/ext/jmeter-plugins-manager-1.9.jar with filter ExtendsClassFilter [parents=[interface org.apache.jmeter.visualizers.RequestView], inner=false, contains=null, notContains=null]. Consider exposing JMeter plugins via META-INF/services, and add JMeter-Skip-Class-Scanning=true manifest attribute so JMeter can skip classfile scanning
2025-10-13 10:38:52,308 INFO o.a.j.r.ClassFinder: Will scan jar /opt/homebrew/Cellar/jmeter/5.6.3/libexec/lib/ext/jmeter-amqp-plugin-0.3.0.jar with filter ExtendsClassFilter [parents=[interface org.apache.jmeter.visualizers.RequestView], inner=false, contains=null, notContains=null]. Consider exposing JMeter plugins via META-INF/services, and add JMeter-Skip-Class-Scanning=true manifest attribute so JMeter can skip classfile scanning
2025-10-13 10:38:52,333 INFO o.a.j.s.FileServer: Set new base='/Users/rohithparimella'
2025-10-13 10:42:47,331 INFO o.a.j.e.StandardJMeterEngine: Running the test!
2025-10-13 10:42:47,333 INFO o.a.j.s.SampleEvent: List of sample_variables: []
2025-10-13 10:42:47,333 INFO o.a.j.s.SampleEvent: List of sample_variables: []
2025-10-13 10:42:47,333 INFO o.a.j.e.u.CompoundVariable: Note: Function class names must contain the string: '.functions.'
2025-10-13 10:42:47,333 INFO o.a.j.e.u.CompoundVariable: Note: Function class names must not contain the string: '.gui.'
2025-10-13 10:42:47,370 INFO o.a.j.r.ClassFinder: Will scan jar /opt/homebrew/Cellar/jmeter/5.6.3/libexec/lib/ext/jmeter-plugins-manager-1.9.jar with filter ExtendsClassFilter [parents=[interface org.apache.jmeter.functions.Function], inner=false, contains=null, notContains=null]. Consider exposing JMeter plugins via META-INF/services, and add JMeter-Skip-Class-Scanning=true manifest attribute so JMeter can skip classfile scanning
2025-10-13 10:42:47,373 INFO o.a.j.r.ClassFinder: Will scan jar /opt/homebrew/Cellar/jmeter/5.6.3/libexec/lib/ext/jmeter-amqp-plugin-0.3.0.jar with filter ExtendsClassFilter [parents=[interface org.apache.jmeter.functions.Function], inner=false, contains=null, notContains=null]. Consider exposing JMeter plugins via META-INF/services, and add JMeter-Skip-Class-Scanning=true manifest attribute so JMeter can skip classfile scanning
2025-10-13 10:42:47,375 INFO o.a.j.g.u.JMeterMenuBar: setRunning(true, *local*)
2025-10-13 10:42:47,419 INFO o.a.j.e.StandardJMeterEngine: Starting ThreadGroup: 1 : Thread Group
2025-10-13 10:42:47,419 INFO o.a.j.e.StandardJMeterEngine: Starting 1 threads for group Thread Group.
2025-10-13 10:42:47,419 INFO o.a.j.e.StandardJMeterEngine: Thread will continue on error
2025-10-13 10:42:47,419 INFO o.a.j.t.ThreadGroup: Starting thread group... number=1 threads=1 ramp-up=1 delayedStart=false
2025-10-13 10:42:47,421 INFO o.a.j.t.ThreadGroup: Started thread group number 1
2025-10-13 10:42:47,421 INFO o.a.j.e.StandardJMeterEngine: Starting ThreadGroup: 2 : Thread Group
2025-10-13 10:42:47,421 INFO o.a.j.e.StandardJMeterEngine: Starting 1 threads for group Thread Group.
2025-10-13 10:42:47,421 INFO o.a.j.e.StandardJMeterEngine: Thread will continue on error
2025-10-13 10:42:47,421 INFO o.a.j.t.ThreadGroup: Starting thread group... number=2 threads=1 ramp-up=1 delayedStart=false
2025-10-13 10:42:47,421 INFO o.a.j.t.JMeterThread: Thread started: Thread Group 1-1
2025-10-13 10:42:47,421 INFO o.a.j.t.ThreadGroup: Started thread group number 2
2025-10-13 10:42:47,421 INFO o.a.j.e.StandardJMeterEngine: Starting ThreadGroup: 3 : Thread Group
2025-10-13 10:42:47,421 INFO o.a.j.e.StandardJMeterEngine: Starting 1 threads for group Thread Group.
2025-10-13 10:42:47,421 INFO o.a.j.e.StandardJMeterEngine: Thread will continue on error
2025-10-13 10:42:47,421 INFO o.a.j.t.ThreadGroup: Starting thread group... number=3 threads=1 ramp-up=1 delayedStart=false
2025-10-13 10:42:47,421 INFO o.a.j.t.ThreadGroup: Started thread group number 3
2025-10-13 10:42:47,422 INFO o.a.j.e.StandardJMeterEngine: All thread groups have been started
2025-10-13 10:42:47,421 INFO o.a.j.t.JMeterThread: Thread started: Thread Group 2-1
2025-10-13 10:42:47,422 INFO o.a.j.t.JMeterThread: Thread started: Thread Group 3-1
2025-10-13 10:42:47,427 INFO o.a.j.p.h.s.HTTPHCAbstractImpl: Local host = MacBookPro
2025-10-13 10:42:47,431 INFO o.a.j.p.h.s.HTTPHC4Impl: HTTP request retry count = 0
2025-10-13 10:42:47,473 INFO o.a.j.t.JMeterThread: Thread is done: Thread Group 3-1
2025-10-13 10:42:47,473 INFO o.a.j.t.JMeterThread: Thread is done: Thread Group 2-1
2025-10-13 10:42:47,473 INFO o.a.j.t.JMeterThread: Thread finished: Thread Group 3-1
2025-10-13 10:42:47,473 INFO o.a.j.t.JMeterThread: Thread finished: Thread Group 2-1
2025-10-13 10:42:47,557 INFO o.a.j.t.JMeterThread: Thread is done: Thread Group 1-1
2025-10-13 10:42:47,557 INFO o.a.j.t.JMeterThread: Thread finished: Thread Group 1-1
2025-10-13 10:42:47,560 INFO o.a.j.e.StandardJMeterEngine: Notifying test listeners of end of test
2025-10-13 10:42:47,560 INFO o.a.j.g.u.JMeterMenuBar: setRunning(false, *local*)
2025-10-13 10:44:53,025 INFO o.a.j.e.StandardJMeterEngine: Running the test!
2025-10-13 10:44:53,026 INFO o.a.j.s.SampleEvent: List of sample_variables: []
2025-10-13 10:44:53,027 INFO o.a.j.g.u.JMeterMenuBar: setRunning(true, *local*)
2025-10-13 10:44:53,093 INFO o.a.j.e.StandardJMeterEngine: Starting ThreadGroup: 1 : Thread Group
2025-10-13 10:44:53,094 INFO o.a.j.e.StandardJMeterEngine: Starting 1 threads for group Thread Group.
2025-10-13 10:44:53,094 INFO o.a.j.e.StandardJMeterEngine: Thread will continue on error
2025-10-13 10:44:53,094 INFO o.a.j.t.ThreadGroup: Starting thread group... number=1 threads=1 ramp-up=1 delayedStart=false
2025-10-13 10:44:53,094 INFO o.a.j.t.ThreadGroup: Started thread group number 1
2025-10-13 10:44:53,094 INFO o.a.j.e.StandardJMeterEngine: Starting ThreadGroup: 2 : Thread Group
2025-10-13 10:44:53,094 INFO o.a.j.e.StandardJMeterEngine: Starting 1 threads for group Thread Group.
2025-10-13 10:44:53,094 INFO o.a.j.e.StandardJMeterEngine: Thread will continue on error
2025-10-13 10:44:53,094 INFO o.a.j.t.ThreadGroup: Starting thread group... number=2 threads=1 ramp-up=1 delayedStart=false
2025-10-13 10:44:53,094 INFO o.a.j.t.JMeterThread: Thread started: Thread Group 1-1
2025-10-13 10:44:53,094 INFO o.a.j.t.ThreadGroup: Started thread group number 2
2025-10-13 10:44:53,094 INFO o.a.j.e.StandardJMeterEngine: Starting ThreadGroup: 3 : Thread Group
2025-10-13 10:44:53,094 INFO o.a.j.e.StandardJMeterEngine: Starting 1 threads for group Thread Group.
2025-10-13 10:44:53,094 INFO o.a.j.e.StandardJMeterEngine: Thread will continue on error
2025-10-13 10:44:53,094 INFO o.a.j.t.ThreadGroup: Starting thread group... number=3 threads=1 ramp-up=1 delayedStart=false
2025-10-13 10:44:53,094 INFO o.a.j.t.JMeterThread: Thread started: Thread Group 2-1
2025-10-13 10:44:53,095 INFO o.a.j.t.ThreadGroup: Started thread group number 3
2025-10-13 10:44:53,095 INFO o.a.j.e.StandardJMeterEngine: All thread groups have been started
2025-10-13 10:44:53,095 INFO o.a.j.t.JMeterThread: Thread started: Thread Group 3-1
2025-10-13 10:44:53,105 INFO o.a.j.t.JMeterThread: Thread is done: Thread Group 2-1
2025-10-13 10:44:53,105 INFO o.a.j.t.JMeterThread: Thread finished: Thread Group 2-1
2025-10-13 10:44:53,105 INFO o.a.j.t.JMeterThread: Thread is done: Thread Group 3-1
2025-10-13 10:44:53,105 INFO o.a.j.t.JMeterThread: Thread finished: Thread Group 3-1
2025-10-13 10:44:53,130 INFO o.a.j.t.JMeterThread: Thread is done: Thread Group 1-1
2025-10-13 10:44:53,130 INFO o.a.j.t.JMeterThread: Thread finished: Thread Group 1-1
2025-10-13 10:44:53,131 INFO o.a.j.e.StandardJMeterEngine: Notifying test listeners of end of test
2025-10-13 10:44:53,131 INFO o.a.j.g.u.JMeterMenuBar: setRunning(false, *local*)
2025-10-13 10:52:02,860 INFO o.a.j.e.StandardJMeterEngine: Running the test!
2025-10-13 10:52:02,862 INFO o.a.j.s.SampleEvent: List of sample_variables: []
2025-10-13 10:52:02,864 INFO o.a.j.g.u.JMeterMenuBar: setRunning(true, *local*)
2025-10-13 10:52:02,903 INFO o.a.j.e.StandardJMeterEngine: Starting ThreadGroup: 1 : Thread Group
2025-10-13 10:52:02,903 INFO o.a.j.e.StandardJMeterEngine: Starting 1 threads for group Thread Group.
2025-10-13 10:52:02,903 INFO o.a.j.e.StandardJMeterEngine: Thread will continue on error
2025-10-13 10:52:02,904 INFO o.a.j.t.ThreadGroup: Starting thread group... number=1 threads=1 ramp-up=1 delayedStart=false
2025-10-13 10:52:02,904 INFO o.a.j.t.ThreadGroup: Started thread group number 1
2025-10-13 10:52:02,904 INFO o.a.j.e.StandardJMeterEngine: Starting ThreadGroup: 2 : Thread Group
2025-10-13 10:52:02,904 INFO o.a.j.e.StandardJMeterEngine: Starting 1 threads for group Thread Group.
2025-10-13 10:52:02,904 INFO o.a.j.e.StandardJMeterEngine: Thread will continue on error
2025-10-13 10:52:02,904 INFO o.a.j.t.ThreadGroup: Starting thread group... number=2 threads=1 ramp-up=1 delayedStart=false
2025-10-13 10:52:02,904 INFO o.a.j.t.JMeterThread: Thread started: Thread Group 1-1
2025-10-13 10:52:02,904 INFO o.a.j.t.ThreadGroup: Started thread group number 2
2025-10-13 10:52:02,905 INFO o.a.j.e.StandardJMeterEngine: Starting ThreadGroup: 3 : Thread Group
2025-10-13 10:52:02,905 INFO o.a.j.e.StandardJMeterEngine: Starting 1 threads for group Thread Group.
2025-10-13 10:52:02,905 INFO o.a.j.t.JMeterThread: Thread started: Thread Group 2-1
2025-10-13 10:52:02,905 INFO o.a.j.e.StandardJMeterEngine: Thread will continue on error
2025-10-13 10:52:02,905 INFO o.a.j.t.ThreadGroup: Starting thread group... number=3 threads=1 ramp-up=1 delayedStart=false
2025-10-13 10:52:02,905 INFO o.a.j.t.ThreadGroup: Started thread group number 3
2025-10-13 10:52:02,905 INFO o.a.j.e.StandardJMeterEngine: All thread groups have been started
2025-10-13 10:52:02,905 INFO o.a.j.t.JMeterThread: Thread started: Thread Group 3-1
2025-10-13 10:52:02,914 INFO o.a.j.t.JMeterThread: Thread is done: Thread Group 2-1
2025-10-13 10:52:02,914 INFO o.a.j.t.JMeterThread: Thread is done: Thread Group 3-1
2025-10-13 10:52:02,914 INFO o.a.j.t.JMeterThread: Thread finished: Thread Group 2-1
2025-10-13 10:52:02,914 INFO o.a.j.t.JMeterThread: Thread finished: Thread Group 3-1
2025-10-13 10:52:02,938 INFO o.a.j.t.JMeterThread: Thread is done: Thread Group 1-1
2025-10-13 10:52:02,938 INFO o.a.j.t.JMeterThread: Thread finished: Thread Group 1-1
2025-10-13 10:52:02,938 INFO o.a.j.e.StandardJMeterEngine: Notifying test listeners of end of test
2025-10-13 10:52:02,939 INFO o.a.j.g.u.JMeterMenuBar: setRunning(false, *local*)
2025-10-13 10:52:11,529 INFO o.a.j.e.StandardJMeterEngine: Running the test!
2025-10-13 10:52:11,530 INFO o.a.j.s.SampleEvent: List of sample_variables: []
2025-10-13 10:52:11,532 INFO o.a.j.g.u.JMeterMenuBar: setRunning(true, *local*)
2025-10-13 10:52:11,559 INFO o.a.j.e.StandardJMeterEngine: Starting ThreadGroup: 1 : Thread Group
2025-10-13 10:52:11,560 INFO o.a.j.e.StandardJMeterEngine: Starting 1 threads for group Thread Group.
2025-10-13 10:52:11,560 INFO o.a.j.e.StandardJMeterEngine: Thread will continue on error
2025-10-13 10:52:11,560 INFO o.a.j.t.ThreadGroup: Starting thread group... number=1 threads=1 ramp-up=1 delayedStart=false
2025-10-13 10:52:11,560 INFO o.a.j.t.ThreadGroup: Started thread group number 1
2025-10-13 10:52:11,560 INFO o.a.j.e.StandardJMeterEngine: Starting ThreadGroup: 2 : Thread Group
2025-10-13 10:52:11,560 INFO o.a.j.e.StandardJMeterEngine: Starting 1 threads for group Thread Group.
2025-10-13 10:52:11,560 INFO o.a.j.e.StandardJMeterEngine: Thread will continue on error
2025-10-13 10:52:11,560 INFO o.a.j.t.ThreadGroup: Starting thread group... number=2 threads=1 ramp-up=1 delayedStart=false
2025-10-13 10:52:11,560 INFO o.a.j.t.ThreadGroup: Started thread group number 2
2025-10-13 10:52:11,560 INFO o.a.j.t.JMeterThread: Thread started: Thread Group 1-1
2025-10-13 10:52:11,561 INFO o.a.j.e.StandardJMeterEngine: Starting ThreadGroup: 3 : Thread Group
2025-10-13 10:52:11,561 INFO o.a.j.e.StandardJMeterEngine: Starting 1 threads for group Thread Group.
2025-10-13 10:52:11,561 INFO o.a.j.e.StandardJMeterEngine: Thread will continue on error
2025-10-13 10:52:11,561 INFO o.a.j.t.ThreadGroup: Starting thread group... number=3 threads=1 ramp-up=1 delayedStart=false
2025-10-13 10:52:11,561 INFO o.a.j.t.JMeterThread: Thread started: Thread Group 2-1
2025-10-13 10:52:11,561 INFO o.a.j.t.ThreadGroup: Started thread group number 3
2025-10-13 10:52:11,561 INFO o.a.j.t.JMeterThread: Thread started: Thread Group 3-1
2025-10-13 10:52:11,561 INFO o.a.j.e.StandardJMeterEngine: All thread groups have been started
2025-10-13 10:52:11,567 INFO o.a.j.t.JMeterThread: Thread is done: Thread Group 3-1
2025-10-13 10:52:11,567 INFO o.a.j.t.JMeterThread: Thread finished: Thread Group 3-1
2025-10-13 10:52:11,567 INFO o.a.j.t.JMeterThread: Thread is done: Thread Group 2-1
2025-10-13 10:52:11,567 INFO o.a.j.t.JMeterThread: Thread finished: Thread Group 2-1
2025-10-13 10:52:11,590 INFO o.a.j.t.JMeterThread: Thread is done: Thread Group 1-1
2025-10-13 10:52:11,590 INFO o.a.j.t.JMeterThread: Thread finished: Thread Group 1-1
2025-10-13 10:52:11,590 INFO o.a.j.e.StandardJMeterEngine: Notifying test listeners of end of test
2025-10-13 10:52:11,590 INFO o.a.j.g.u.JMeterMenuBar: setRunning(false, *local*)
2025-10-13 11:00:24,770 INFO o.a.j.e.StandardJMeterEngine: Running the test!
2025-10-13 11:00:24,773 INFO o.a.j.s.SampleEvent: List of sample_variables: []
2025-10-13 11:00:24,774 INFO o.a.j.g.u.JMeterMenuBar: setRunning(true, *local*)
2025-10-13 11:00:24,819 INFO o.a.j.e.StandardJMeterEngine: Starting ThreadGroup: 1 : Thread Group
2025-10-13 11:00:24,819 INFO o.a.j.e.StandardJMeterEngine: Starting 1 threads for group Thread Group.
2025-10-13 11:00:24,819 INFO o.a.j.e.StandardJMeterEngine: Thread will continue on error
2025-10-13 11:00:24,819 INFO o.a.j.t.ThreadGroup: Starting thread group... number=1 threads=1 ramp-up=1 delayedStart=false
2025-10-13 11:00:24,820 INFO o.a.j.t.ThreadGroup: Started thread group number 1
2025-10-13 11:00:24,820 INFO o.a.j.e.StandardJMeterEngine: Starting ThreadGroup: 2 : Thread Group
2025-10-13 11:00:24,820 INFO o.a.j.e.StandardJMeterEngine: Starting 1 threads for group Thread Group.
2025-10-13 11:00:24,820 INFO o.a.j.e.StandardJMeterEngine: Thread will continue on error
2025-10-13 11:00:24,820 INFO o.a.j.t.ThreadGroup: Starting thread group... number=2 threads=1 ramp-up=1 delayedStart=false
2025-10-13 11:00:24,820 INFO o.a.j.t.JMeterThread: Thread started: Thread Group 1-1
2025-10-13 11:00:24,820 INFO o.a.j.t.ThreadGroup: Started thread group number 2
2025-10-13 11:00:24,820 INFO o.a.j.e.StandardJMeterEngine: Starting ThreadGroup: 3 : Thread Group
2025-10-13 11:00:24,820 INFO o.a.j.e.StandardJMeterEngine: Starting 1 threads for group Thread Group.
2025-10-13 11:00:24,820 INFO o.a.j.e.StandardJMeterEngine: Thread will continue on error
2025-10-13 11:00:24,820 INFO o.a.j.t.JMeterThread: Thread started: Thread Group 2-1
2025-10-13 11:00:24,820 INFO o.a.j.t.ThreadGroup: Starting thread group... number=3 threads=1 ramp-up=1 delayedStart=false
2025-10-13 11:00:24,820 INFO o.a.j.t.ThreadGroup: Started thread group number 3
2025-10-13 11:00:24,821 INFO o.a.j.e.StandardJMeterEngine: All thread groups have been started
2025-10-13 11:00:24,821 INFO o.a.j.t.JMeterThread: Thread started: Thread Group 3-1
2025-10-13 11:00:24,836 INFO o.a.j.t.JMeterThread: Thread is done: Thread Group 3-1
2025-10-13 11:00:24,836 INFO o.a.j.t.JMeterThread: Thread is done: Thread Group 2-1
2025-10-13 11:00:24,837 INFO o.a.j.t.JMeterThread: Thread finished: Thread Group 3-1
2025-10-13 11:00:24,837 INFO o.a.j.t.JMeterThread: Thread finished: Thread Group 2-1
2025-10-13 11:00:24,888 INFO o.a.j.t.JMeterThread: Thread is done: Thread Group 1-1
2025-10-13 11:00:24,888 INFO o.a.j.t.JMeterThread: Thread finished: Thread Group 1-1
2025-10-13 11:00:24,888 INFO o.a.j.e.StandardJMeterEngine: Notifying test listeners of end of test
2025-10-13 11:00:24,889 INFO o.a.j.g.u.JMeterMenuBar: setRunning(false, *local*)
2025-10-13 11:00:54,873 INFO o.a.j.e.StandardJMeterEngine: Running the test!
2025-10-13 11:00:54,874 INFO o.a.j.s.SampleEvent: List of sample_variables: []
2025-10-13 11:00:54,875 INFO o.a.j.g.u.JMeterMenuBar: setRunning(true, *local*)
2025-10-13 11:00:54,922 INFO o.a.j.e.StandardJMeterEngine: Starting ThreadGroup: 1 : Thread Group
2025-10-13 11:00:54,922 INFO o.a.j.e.StandardJMeterEngine: Starting 1 threads for group Thread Group.
2025-10-13 11:00:54,922 INFO o.a.j.e.StandardJMeterEngine: Thread will continue on error
2025-10-13 11:00:54,922 INFO o.a.j.t.ThreadGroup: Starting thread group... number=1 threads=1 ramp-up=1 delayedStart=false
2025-10-13 11:00:54,923 INFO o.a.j.t.ThreadGroup: Started thread group number 1
2025-10-13 11:00:54,923 INFO o.a.j.e.StandardJMeterEngine: Starting ThreadGroup: 2 : Thread Group
2025-10-13 11:00:54,923 INFO o.a.j.e.StandardJMeterEngine: Starting 1 threads for group Thread Group.
2025-10-13 11:00:54,923 INFO o.a.j.e.StandardJMeterEngine: Thread will continue on error
2025-10-13 11:00:54,923 INFO o.a.j.t.ThreadGroup: Starting thread group... number=2 threads=1 ramp-up=1 delayedStart=false
2025-10-13 11:00:54,923 INFO o.a.j.t.JMeterThread: Thread started: Thread Group 1-1
2025-10-13 11:00:54,923 INFO o.a.j.t.ThreadGroup: Started thread group number 2
2025-10-13 11:00:54,923 INFO o.a.j.e.StandardJMeterEngine: Starting ThreadGroup: 3 : Thread Group
2025-10-13 11:00:54,923 INFO o.a.j.e.StandardJMeterEngine: Starting 1 threads for group Thread Group.
2025-10-13 11:00:54,924 INFO o.a.j.e.StandardJMeterEngine: Thread will continue on error
2025-10-13 11:00:54,924 INFO o.a.j.t.ThreadGroup: Starting thread group... number=3 threads=1 ramp-up=1 delayedStart=false
2025-10-13 11:00:54,924 INFO o.a.j.t.JMeterThread: Thread started: Thread Group 2-1
2025-10-13 11:00:54,924 INFO o.a.j.t.ThreadGroup: Started thread group number 3
2025-10-13 11:00:54,924 INFO o.a.j.e.StandardJMeterEngine: All thread groups have been started
2025-10-13 11:00:54,924 INFO o.a.j.t.JMeterThread: Thread started: Thread Group 3-1
2025-10-13 11:00:54,935 INFO o.a.j.t.JMeterThread: Thread is done: Thread Group 2-1
2025-10-13 11:00:54,935 INFO o.a.j.t.JMeterThread: Thread finished: Thread Group 2-1
2025-10-13 11:00:54,935 INFO o.a.j.t.JMeterThread: Thread is done: Thread Group 3-1
2025-10-13 11:00:54,935 INFO o.a.j.t.JMeterThread: Thread finished: Thread Group 3-1
2025-10-13 11:00:55,778 INFO o.a.j.t.JMeterThread: Thread is done: Thread Group 1-1
2025-10-13 11:00:55,778 INFO o.a.j.t.JMeterThread: Thread finished: Thread Group 1-1
2025-10-13 11:00:55,779 INFO o.a.j.e.StandardJMeterEngine: Notifying test listeners of end of test
2025-10-13 11:00:55,779 INFO o.a.j.g.u.JMeterMenuBar: setRunning(false, *local*)
2025-10-13 11:08:39,195 INFO o.a.j.e.StandardJMeterEngine: Running the test!
2025-10-13 11:08:39,196 INFO o.a.j.s.SampleEvent: List of sample_variables: []
2025-10-13 11:08:39,197 INFO o.a.j.g.u.JMeterMenuBar: setRunning(true, *local*)
2025-10-13 11:08:39,238 INFO o.a.j.e.StandardJMeterEngine: Starting ThreadGroup: 1 : Thread Group
2025-10-13 11:08:39,238 INFO o.a.j.e.StandardJMeterEngine: Starting 1 threads for group Thread Group.
2025-10-13 11:08:39,238 INFO o.a.j.e.StandardJMeterEngine: Thread will continue on error
2025-10-13 11:08:39,238 INFO o.a.j.t.ThreadGroup: Starting thread group... number=1 threads=1 ramp-up=1 delayedStart=false
2025-10-13 11:08:39,238 INFO o.a.j.t.ThreadGroup: Started thread group number 1
2025-10-13 11:08:39,238 INFO o.a.j.e.StandardJMeterEngine: Starting ThreadGroup: 2 : Thread Group
2025-10-13 11:08:39,238 INFO o.a.j.e.StandardJMeterEngine: Starting 1 threads for group Thread Group.
2025-10-13 11:08:39,238 INFO o.a.j.e.StandardJMeterEngine: Thread will continue on error
2025-10-13 11:08:39,238 INFO o.a.j.t.ThreadGroup: Starting thread group... number=2 threads=1 ramp-up=1 delayedStart=false
2025-10-13 11:08:39,238 INFO o.a.j.t.JMeterThread: Thread started: Thread Group 1-1
2025-10-13 11:08:39,239 INFO o.a.j.t.ThreadGroup: Started thread group number 2
2025-10-13 11:08:39,239 INFO o.a.j.e.StandardJMeterEngine: Starting ThreadGroup: 3 : Thread Group
2025-10-13 11:08:39,239 INFO o.a.j.t.JMeterThread: Thread started: Thread Group 2-1
2025-10-13 11:08:39,239 INFO o.a.j.e.StandardJMeterEngine: Starting 1 threads for group Thread Group.
2025-10-13 11:08:39,239 INFO o.a.j.e.StandardJMeterEngine: Thread will continue on error
2025-10-13 11:08:39,239 INFO o.a.j.t.ThreadGroup: Starting thread group... number=3 threads=1 ramp-up=1 delayedStart=false
2025-10-13 11:08:39,239 INFO o.a.j.t.ThreadGroup: Started thread group number 3
2025-10-13 11:08:39,239 INFO o.a.j.e.StandardJMeterEngine: All thread groups have been started
2025-10-13 11:08:39,239 INFO o.a.j.t.JMeterThread: Thread started: Thread Group 3-1
2025-10-13 11:08:39,249 INFO o.a.j.t.JMeterThread: Thread is done: Thread Group 3-1
2025-10-13 11:08:39,249 INFO o.a.j.t.JMeterThread: Thread is done: Thread Group 2-1
2025-10-13 11:08:39,249 INFO o.a.j.t.JMeterThread: Thread finished: Thread Group 3-1
2025-10-13 11:08:39,249 INFO o.a.j.t.JMeterThread: Thread finished: Thread Group 2-1
2025-10-13 11:08:39,280 INFO o.a.j.t.JMeterThread: Thread is done: Thread Group 1-1
2025-10-13 11:08:39,280 INFO o.a.j.t.JMeterThread: Thread finished: Thread Group 1-1
2025-10-13 11:08:39,281 INFO o.a.j.e.StandardJMeterEngine: Notifying test listeners of end of test
2025-10-13 11:08:39,281 INFO o.a.j.g.u.JMeterMenuBar: setRunning(false, *local*)
2025-10-13 11:11:34,849 INFO o.a.j.e.StandardJMeterEngine: Running the test!
2025-10-13 11:11:34,850 INFO o.a.j.s.SampleEvent: List of sample_variables: []
2025-10-13 11:11:34,851 INFO o.a.j.g.u.JMeterMenuBar: setRunning(true, *local*)
2025-10-13 11:11:34,902 INFO o.a.j.e.StandardJMeterEngine: Starting ThreadGroup: 1 : Thread Group
2025-10-13 11:11:34,902 INFO o.a.j.e.StandardJMeterEngine: Starting 1 threads for group Thread Group.
2025-10-13 11:11:34,902 INFO o.a.j.e.StandardJMeterEngine: Thread will continue on error
2025-10-13 11:11:34,902 INFO o.a.j.t.ThreadGroup: Starting thread group... number=1 threads=1 ramp-up=1 delayedStart=false
2025-10-13 11:11:34,903 INFO o.a.j.t.ThreadGroup: Started thread group number 1
2025-10-13 11:11:34,903 INFO o.a.j.e.StandardJMeterEngine: Starting ThreadGroup: 2 : Thread Group
2025-10-13 11:11:34,903 INFO o.a.j.e.StandardJMeterEngine: Starting 1 threads for group Thread Group.
2025-10-13 11:11:34,903 INFO o.a.j.e.StandardJMeterEngine: Thread will continue on error
2025-10-13 11:11:34,903 INFO o.a.j.t.ThreadGroup: Starting thread group... number=2 threads=1 ramp-up=1 delayedStart=false
2025-10-13 11:11:34,903 INFO o.a.j.t.JMeterThread: Thread started: Thread Group 1-1
2025-10-13 11:11:34,903 INFO o.a.j.t.ThreadGroup: Started thread group number 2
2025-10-13 11:11:34,903 INFO o.a.j.e.StandardJMeterEngine: Starting ThreadGroup: 3 : Thread Group
2025-10-13 11:11:34,903 INFO o.a.j.e.StandardJMeterEngine: Starting 1 threads for group Thread Group.
2025-10-13 11:11:34,903 INFO o.a.j.e.StandardJMeterEngine: Thread will continue on error
2025-10-13 11:11:34,903 INFO o.a.j.t.ThreadGroup: Starting thread group... number=3 threads=1 ramp-up=1 delayedStart=false
2025-10-13 11:11:34,903 INFO o.a.j.t.JMeterThread: Thread started: Thread Group 2-1
2025-10-13 11:11:34,904 INFO o.a.j.t.ThreadGroup: Started thread group number 3
2025-10-13 11:11:34,904 INFO o.a.j.e.StandardJMeterEngine: All thread groups have been started
2025-10-13 11:11:34,904 INFO o.a.j.t.JMeterThread: Thread started: Thread Group 3-1
2025-10-13 11:11:34,915 INFO o.a.j.t.JMeterThread: Thread is done: Thread Group 2-1
2025-10-13 11:11:34,915 INFO o.a.j.t.JMeterThread: Thread finished: Thread Group 2-1
2025-10-13 11:11:34,915 INFO o.a.j.t.JMeterThread: Thread is done: Thread Group 3-1
2025-10-13 11:11:34,915 INFO o.a.j.t.JMeterThread: Thread finished: Thread Group 3-1
2025-10-13 11:11:34,958 INFO o.a.j.t.JMeterThread: Thread is done: Thread Group 1-1
2025-10-13 11:11:34,958 INFO o.a.j.t.JMeterThread: Thread finished: Thread Group 1-1
2025-10-13 11:11:34,959 INFO o.a.j.e.StandardJMeterEngine: Notifying test listeners of end of test
2025-10-13 11:11:34,959 INFO o.a.j.g.u.JMeterMenuBar: setRunning(false, *local*)
